AutoBuildersArmies: [ABA] init: panel found
AutoBuildersArmies: [ABA] init: context  size=1024,768 offset=0,0 hidden=false
AutoBuildersArmies: [ABA] init: ABA_Root size=220,378 offset=798,190 hidden=false
AutoBuildersArmies: [ABA] init: parent   size=0,0 offset=0,0 hidden=false
AutoBuildersArmies: [ABA] init: screen   1024 x 768
AutoBuildersArmies: [ABA] auto-research -> TECH_SAILING
AutoBuildersArmies: [ABA] settler 65536: founding city at 35,46
AutoBuildersArmies: [ABA] composition [LOC_CITY_NAME_NIDAROS]: 0 builder(s) for 1 cities -> UNIT_BUILDER
AutoBuildersArmies: [ABA] auto-produce [LOC_CITY_NAME_NIDAROS] -> BUILDING_MONUMENT
AutoBuildersArmies: [ABA] builder 196608 -> move
AutoBuildersArmies: [ABA] builder 196608 -> build
AutoBuildersArmies: [ABA] builder 196608 SKIPPED: not-ready-to-move
AutoBuildersArmies: [ABA] builder 196608 SKIPPED: not-ready-to-move
AutoBuildersArmies: [ABA] builder 196608 SKIPPED: not-ready-to-move
AutoBuildersArmies: [ABA] builder 196608 SKIPPED: not-ready-to-move
AutoBuildersArmies: [ABA] builder 196608 SKIPPED: not-ready-to-move
AutoBuildersArmies: [ABA] builder 196608 SKIPPED: not-ready-to-move
AutoBuildersArmies: [ABA] builder 196608 SKIPPED: not-ready-to-move
AutoBuildersArmies: [ABA] auto-civic -> CIVIC_CRAFTSMANSHIP
AutoBuildersArmies: [ABA] builder 196608 SKIPPED: not-ready-to-move
AutoBuildersArmies: [ABA] builder 196608 SKIPPED: not-ready-to-move
AutoBuildersArmies: [ABA] auto-research -> TECH_ASTROLOGY
AutoBuildersArmies: [ABA] auto-produce [LOC_CITY_NAME_NIDAROS] -> UNIT_SETTLER
AutoBuildersArmies: [ABA] builder 196608 -> idle
AutoBuildersArmies: [ABA] UNSTUCK UNIT_BUILDER 196608: builder: no order issued -> skip (retry next turn)
AutoBuildersArmies: [ABA] builder 196608 SKIPPED: not-ready-to-move
AutoBuildersArmies: [ABA] builder 196608 -> idle
AutoBuildersArmies: [ABA] UNSTUCK UNIT_BUILDER 196608: builder: no order issued -> skip (retry next turn)
AutoBuildersArmies: [ABA] builder 196608 SKIPPED: not-ready-to-move
AutoBuildersArmies: [ABA] builder 196608 -> idle
AutoBuildersArmies: [ABA] UNSTUCK UNIT_BUILDER 196608: builder: no order issued -> skip (retry next turn)
AutoBuildersArmies: [ABA] builder 196608 SKIPPED: not-ready-to-move
AutoBuildersArmies: [ABA] builder 196608 -> idle
AutoBuildersArmies: [ABA] UNSTUCK UNIT_BUILDER 196608: builder: no order issued -> skip (retry next turn)
AutoBuildersArmies: [ABA] builder 196608 SKIPPED: not-ready-to-move
AutoBuildersArmies: [ABA] auto-produce [LOC_CITY_NAME_NIDAROS] -> UNIT_SCOUT
AutoBuildersArmies: [ABA] builder 196608 -> idle
AutoBuildersArmies: [ABA] UNSTUCK UNIT_BUILDER 196608: builder: no order issued -> skip (retry next turn)
AutoBuildersArmies: [ABA] settler 262146: committed to site 32,44 (4 turns)
AutoBuildersArmies: [ABA] builder 196608 SKIPPED: not-ready-to-move
AutoBuildersArmies: [ABA] builder 196608 -> idle
AutoBuildersArmies: [ABA] UNSTUCK UNIT_BUILDER 196608: builder: no order issued -> skip (retry next turn)
AutoBuildersArmies: [ABA] builder 196608 SKIPPED: not-ready-to-move
AutoBuildersArmies: [ABA] auto-civic -> CIVIC_FOREIGN_TRADE
AutoBuildersArmies: [ABA] auto-produce [LOC_CITY_NAME_NIDAROS] -> UNIT_SCOUT
AutoBuildersArmies: [ABA] builder 196608 -> idle
AutoBuildersArmies: [ABA] UNSTUCK UNIT_BUILDER 196608: builder: no order issued -> skip (retry next turn)
AutoBuildersArmies: [ABA] scout 327683 -> auto-explore
AutoBuildersArmies: [ABA] builder 196608 SKIPPED: not-ready-to-move
AutoBuildersArmies: [ABA] builder 196608 SKIPPED: not-ready-to-move
AutoBuildersArmies: [ABA] builder 196608 SKIPPED: not-ready-to-move
AutoBuildersArmies: [ABA] settler 262146: founding city at 32,44
AutoBuildersArmies: [ABA] builder 196608 SKIPPED: not-ready-to-move
AutoBuildersArmies: [ABA] STUCK UNIT_SETTLER 262146: settler: no order issued -- every fallback op refused; this unit WILL block the turn
AutoBuildersArmies: [ABA] builder 196608 SKIPPED: not-ready-to-move
AutoBuildersArmies: [ABA] composition [LOC_CITY_NAME_TROMSO]: 1 builder(s) for 2 cities -> UNIT_BUILDER
AutoBuildersArmies: [ABA] builder 196608 SKIPPED: not-ready-to-move
AutoBuildersArmies: [ABA] builder 196608 -> move
AutoBuildersArmies: [ABA] builder 196608 SKIPPED: not-ready-to-move
AutoBuildersArmies: [ABA] pantheon -> BELIEF_GOD_OF_THE_FORGE (rank 1)
AutoBuildersArmies: [ABA] builder 196608 SKIPPED: not-ready-to-move
AutoBuildersArmies: [ABA] scout 327683 -> auto-explore
AutoBuildersArmies: [ABA] builder 196608 SKIPPED: not-ready-to-move
AutoBuildersArmies: [ABA] scout 327683 -> auto-explore
AutoBuildersArmies: [ABA] builder 196608 SKIPPED: not-ready-to-move
AutoBuildersArmies: [ABA] scout 327683 -> auto-explore
AutoBuildersArmies: [ABA] builder 196608 SKIPPED: not-ready-to-move
AutoBuildersArmies: [ABA] scout 327683 -> auto-explore
AutoBuildersArmies: [ABA] builder 196608 SKIPPED: not-ready-to-move
AutoBuildersArmies: [ABA] scout 327683 -> auto-explore
AutoBuildersArmies: [ABA] builder 196608 SKIPPED: not-ready-to-move
AutoBuildersArmies: [ABA] scout 327683 -> auto-explore
AutoBuildersArmies: [ABA] unit 327683: re-task cap hit (4) -- engine keeps resolving without progress, leaving tasked
AutoBuildersArmies: [ABA] builder 196608 SKIPPED: not-ready-to-move
AutoBuildersArmies: [ABA] auto-research -> TECH_SHIPBUILDING
AutoBuildersArmies: [ABA] district plot for DISTRICT_HOLY_SITE: 35,45 (adjacency 1, 1 candidates)
AutoBuildersArmies: [ABA] auto-produce [LOC_CITY_NAME_NIDAROS] -> DISTRICT_HOLY_SITE
AutoBuildersArmies: [ABA] builder 196608 -> build
AutoBuildersArmies: [ABA] scout 393218 -> auto-explore
AutoBuildersArmies: [ABA] scout 327683 -> auto-explore
AutoBuildersArmies: [ABA] builder 196608 SKIPPED: not-ready-to-move
AutoBuildersArmies: [ABA] builder 196608 SKIPPED: not-ready-to-move
AutoBuildersArmies: [ABA] auto-civic -> CIVIC_MYSTICISM
AutoBuildersArmies: [ABA] builder 196608 -> move
AutoBuildersArmies: [ABA] builder 196608 -> build
AutoBuildersArmies: [ABA] waking unit 131073: enemy 3 tiles away (was: not-ready-to-move)
AutoBuildersArmies: [ABA] waking unit 131073: enemy 2 tiles away (was: not-ready-to-move)
AutoBuildersArmies: [ABA] waking unit 131073: enemy 2 tiles away (was: not-ready-to-move)
AutoBuildersArmies: [ABA] scout 393218 -> auto-explore
AutoBuildersArmies: [ABA] scout 393218 -> auto-explore
AutoBuildersArmies: [ABA] scout 393218 -> auto-explore
AutoBuildersArmies: [ABA] scout 393218 -> auto-explore
AutoBuildersArmies: [ABA] scout 393218 -> auto-explore
AutoBuildersArmies: [ABA] scout 393218 -> auto-explore
AutoBuildersArmies: [ABA] unit 393218: re-task cap hit (4) -- engine keeps resolving without progress, leaving tasked
AutoBuildersArmies: [ABA] defense [LOC_CITY_NAME_NIDAROS]: enemy 4 tiles out -> UNIT_WARRIOR
AutoBuildersArmies: [ABA] scout 393218 -> auto-explore
AutoBuildersArmies: [ABA] auto-civic -> CIVIC_STATE_WORKFORCE
AutoBuildersArmies: [ABA] envoy -> [LOC_CIVILIZATION_MOHENJO_DARO_NAME] (0 token(s) left)
AutoBuildersArmies: [ABA] composition [LOC_CITY_NAME_TROMSO]: 1 builder(s) for 2 cities -> UNIT_BUILDER
AutoBuildersArmies: [ABA] builder 458752 -> idle
AutoBuildersArmies: [ABA] UNSTUCK UNIT_BUILDER 458752: builder: no order issued -> skip (retry next turn)
AutoBuildersArmies: [ABA] builder 458752 SKIPPED: not-ready-to-move
AutoBuildersArmies: [ABA] builder 458752 SKIPPED: not-ready-to-move
AutoBuildersArmies: [ABA] builder 458752 SKIPPED: not-ready-to-move
AutoBuildersArmies: [ABA] waking unit 131073: enemy 1 tiles away (was: not-ready-to-move)
AutoBuildersArmies: [ABA] builder 458752 SKIPPED: not-ready-to-move
AutoBuildersArmies: [ABA] waking unit 131073: enemy 1 tiles away (was: not-ready-to-move)
AutoBuildersArmies: [ABA] scout 393218 -> auto-explore
AutoBuildersArmies: [ABA] builder 458752 SKIPPED: not-ready-to-move
AutoBuildersArmies: [ABA] waking unit 131073: enemy 1 tiles away (was: not-ready-to-move)
AutoBuildersArmies: [ABA] scout 393218 -> auto-explore
AutoBuildersArmies: [ABA] builder 458752 SKIPPED: not-ready-to-move
AutoBuildersArmies: [ABA] waking unit 131073: enemy 1 tiles away (was: not-ready-to-move)
AutoBuildersArmies: [ABA] scout 393218 -> auto-explore
AutoBuildersArmies: [ABA] builder 458752 SKIPPED: not-ready-to-move
AutoBuildersArmies: [ABA] waking unit 131073: enemy 1 tiles away (was: not-ready-to-move)
AutoBuildersArmies: [ABA] scout 393218 -> auto-explore
AutoBuildersArmies: [ABA] builder 458752 SKIPPED: not-ready-to-move
AutoBuildersArmies: [ABA] waking unit 131073: enemy 1 tiles away (was: not-ready-to-move)
AutoBuildersArmies: [ABA] scout 393218 -> auto-explore
AutoBuildersArmies: [ABA] builder 458752 SKIPPED: not-ready-to-move
AutoBuildersArmies: [ABA] waking unit 131073: enemy 1 tiles away (was: not-ready-to-move)
AutoBuildersArmies: [ABA] scout 393218 -> auto-explore
AutoBuildersArmies: [ABA] unit 131073: re-task cap hit (4) -- engine keeps resolving without progress, leaving tasked
AutoBuildersArmies: [ABA] unit 393218: re-task cap hit (4) -- engine keeps resolving without progress, leaving tasked
AutoBuildersArmies: [ABA] builder 458752 SKIPPED: not-ready-to-move
AutoBuildersArmies: [ABA] builder 458752 -> idle
AutoBuildersArmies: [ABA] UNSTUCK UNIT_BUILDER 458752: builder: no order issued -> skip (retry next turn)
AutoBuildersArmies: [ABA] waking unit 131073: enemy 2 tiles away (was: not-ready-to-move)
AutoBuildersArmies: [ABA] builder 458752 SKIPPED: not-ready-to-move
AutoBuildersArmies: [ABA] waking unit 131073: enemy 2 tiles away (was: not-ready-to-move)
AutoBuildersArmies: [ABA] auto-produce [LOC_CITY_NAME_NIDAROS] -> UNIT_SETTLER
AutoBuildersArmies: [ABA] builder 458752 -> idle
AutoBuildersArmies: [ABA] UNSTUCK UNIT_BUILDER 458752: builder: no order issued -> skip (retry next turn)
AutoBuildersArmies: [ABA] builder 458752 SKIPPED: not-ready-to-move
AutoBuildersArmies: [ABA] builder 458752 SKIPPED: not-ready-to-move
AutoBuildersArmies: [ABA] STUCK UNIT_SCOUT 327683: recon: no order issued -- every fallback op refused; this unit WILL block the turn
AutoBuildersArmies: [ABA] STUCK UNIT_WARRIOR 524292: army: no order issued -- every fallback op refused; this unit WILL block the turn
AutoBuildersArmies: [ABA] builder 458752 -> idle
AutoBuildersArmies: [ABA] UNSTUCK UNIT_BUILDER 458752: builder: no order issued -> skip (retry next turn)
AutoBuildersArmies: [ABA] builder 458752 SKIPPED: not-ready-to-move
AutoBuildersArmies: [ABA] auto-civic -> CIVIC_GAMES_RECREATION
AutoBuildersArmies: [ABA] builder 458752 SKIPPED: not-ready-to-move
AutoBuildersArmies: [ABA] STUCK UNIT_WARRIOR 131073: army: no order issued -- every fallback op refused; this unit WILL block the turn
AutoBuildersArmies: [ABA] auto-civic -> CIVIC_GAMES_RECREATION
AutoBuildersArmies: [ABA] builder 458752 -> idle
AutoBuildersArmies: [ABA] UNSTUCK UNIT_BUILDER 458752: builder: no order issued -> skip (retry next turn)
AutoBuildersArmies: [ABA] builder 458752 SKIPPED: not-ready-to-move
AutoBuildersArmies: [ABA] auto-produce [LOC_CITY_NAME_TROMSO] -> UNIT_SETTLER
AutoBuildersArmies: [ABA] builder 458752 SKIPPED: not-ready-to-move
AutoBuildersArmies: [ABA] builder 589827 -> idle
AutoBuildersArmies: [ABA] STUCK UNIT_BUILDER 589827: builder: no order issued -- every fallback op refused; this unit WILL block the turn
AutoBuildersArmies: [ABA] builder 458752 SKIPPED: not-ready-to-move
AutoBuildersArmies: [ABA] STUCK UNIT_WARRIOR 524292: army: no order issued -- every fallback op refused; this unit WILL block the turn
AutoBuildersArmies: [ABA] builder 458752 -> idle
AutoBuildersArmies: [ABA] STUCK UNIT_BUILDER 458752: builder: no order issued -- every fallback op refused; this unit WILL block the turn
AutoBuildersArmies: [ABA] builder 589827 -> idle
AutoBuildersArmies: [ABA] STUCK UNIT_BUILDER 589827: builder: no order issued -- every fallback op refused; this unit WILL block the turn
AutoBuildersArmies: [ABA] builder 458752 SKIPPED: not-ready-to-move
AutoBuildersArmies: [ABA] builder 458752 SKIPPED: not-ready-to-move
AutoBuildersArmies: [ABA] builder 458752 SKIPPED: not-ready-to-move
AutoBuildersArmies: [ABA] builder 458752 SKIPPED: not-ready-to-move
AutoBuildersArmies: [ABA] builder 458752 SKIPPED: not-ready-to-move
AutoBuildersArmies: [ABA] builder 589827 SKIPPED: not-ready-to-move
AutoBuildersArmies: [ABA] auto-produce [LOC_CITY_NAME_NIDAROS] -> PROJECT_ENHANCE_DISTRICT_HOLY_SITE
AutoBuildersArmies: [ABA] builder 458752 -> move
AutoBuildersArmies: [ABA] settler 655362: committed to site 32,48 (3 turns)
AutoBuildersArmies: [ABA] builder 589827 -> move
AutoBuildersArmies: [ABA] waking unit 524292: enemy 2 tiles away (was: not-ready-to-move)
AutoBuildersArmies: [ABA] waking unit 524292: enemy 2 tiles away (was: not-ready-to-move)
AutoBuildersArmies: [ABA] unit 131073: re-task cap hit (4) -- engine keeps resolving without progress, leaving tasked
AutoBuildersArmies: [ABA] builder 458752 SKIPPED: not-ready-to-move
AutoBuildersArmies: [ABA] builder 458752 SKIPPED: not-ready-to-move
AutoBuildersArmies: [ABA] builder 589827 SKIPPED: not-ready-to-move
AutoBuildersArmies: [ABA] builder 458752 SKIPPED: not-ready-to-move
AutoBuildersArmies: [ABA] builder 589827 SKIPPED: not-ready-to-move
AutoBuildersArmies: [ABA] builder 458752 SKIPPED: not-ready-to-move
AutoBuildersArmies: [ABA] builder 589827 SKIPPED: not-ready-to-move
AutoBuildersArmies: [ABA] waking unit 524292: enemy 2 tiles away (was: not-ready-to-move)
AutoBuildersArmies: [ABA] builder 589827 SKIPPED: not-ready-to-move
AutoBuildersArmies: [ABA] waking unit 524292: enemy 2 tiles away (was: not-ready-to-move)
AutoBuildersArmies: [ABA] builder 589827 SKIPPED: not-ready-to-move
AutoBuildersArmies: [ABA] waking unit 524292: enemy 2 tiles away (was: not-ready-to-move)
AutoBuildersArmies: [ABA] defense [LOC_CITY_NAME_NIDAROS]: enemy 2 tiles out -> UNIT_WARRIOR
AutoBuildersArmies: [ABA] settler 655362: enemy 2 tiles away, fleeing home
AutoBuildersArmies: [ABA] waking unit 524292: enemy 3 tiles away (was: not-ready-to-move)
AutoBuildersArmies: [ABA] waking unit 524292: enemy 3 tiles away (was: not-ready-to-move)
AutoBuildersArmies: [ABA] auto-civic -> CIVIC_MILITARY_TRADITION
AutoBuildersArmies: [ABA] auto-civic -> CIVIC_MILITARY_TRADITION
AutoBuildersArmies: [ABA] defense [LOC_CITY_NAME_NIDAROS]: enemy 2 tiles out -> UNIT_WARRIOR
AutoBuildersArmies: [ABA] waking unit 720898: enemy 2 tiles away (was: not-ready-to-move)
AutoBuildersArmies: [ABA] defense [LOC_CITY_NAME_NIDAROS]: enemy 2 tiles out -> UNIT_WARRIOR
AutoBuildersArmies: [ABA] defense [LOC_CITY_NAME_TROMSO]: enemy 2 tiles out -> UNIT_WARRIOR
AutoBuildersArmies: [ABA] UNSTUCK UNIT_GREAT_PROPHET 917504: unclassified: no order issued -> sleep (NO AUTOMATION FOR THIS CLASS -- automate it next)
AutoBuildersArmies: [ABA] STUCK UNIT_WARRIOR 786433: army: no order issued -- every fallback op refused; this unit WILL block the turn
AutoBuildersArmies: [ABA] waking unit 720898: enemy 2 tiles away (was: not-ready-to-move)
AutoBuildersArmies: [ABA] UNSTUCK UNIT_SETTLER 851971: settler: no order issued -> skip (retry next turn)
AutoBuildersArmies: [ABA] auto-civic -> CIVIC_EARLY_EMPIRE